could would bound ahead 
could would bound aimed 
could would bound aired 
could would bound aphid 
could would bound armed 
could would bound ashed 
could would bound asked 
could would bound eased 
could would bound egged 
could would bound erred 
could would bound faked 
could would bound famed 
could would bound fared 
could would bound fated 
could would bound faxed 
could would bound fazed 
could would bound feted 
could would bound fetid 
could would bound fired 
could would bound fixed 
could would bound freed 
could would bound fried 
could would bound gaged 
could would bound gamed 
could would bound gaped 
could would bound gated 
could would bound gazed 
could would bound greed 
could would bound hared 
could would bound hated 
could would bound hayed 
could would bound hazed 
could would bound heard 
could would bound hexed 
could would bound hiked 
could would bound hired 
could would bound hived 
could would bound hyped 
could would bound irked 
could would bound japed 
could would bound jehad 
could would bound jihad 
could would bound jived 
could would bound keyed 
could would bound kited 
could would bound mated 
could would bound maxed 
could would bound meted 
could would bound miked 
could would bound mimed 
could would bound mired 
could would bound mixed 
could would bound paged 
could would bound pared 
could would bound paved 
could would bound payed 
could would bound piked 
could would bound piped 
could would bound pried 
could would bound raged 
could would bound raked 
could would bound raped 
could would bound rapid 
could would bound rared 
could would bound rated 
could would bound raved 
could would bound razed 
could would bound rigid 
could would bound rimed 
could would bound sated 
could would bound saved 
could would bound sexed 
could would bound shard 
could would bound sherd 
could would bound shied 
could would bound shred 
could would bound sired 
could would bound sited 
could would bound sized 
could would bound skied 
could would bound skyed 
could would bound speed 
could would bound spied 
could would bound staid 
could would bound stead 
could would bound steed 
could would bound tamed 
could would bound taped 
could would bound tared 
could would bound taxed 
could would bound tepid 
could would bound third 
could would bound timed 
could would bound timid 
could would bound tired 
could would bound tread 
could would bound treed 
could would bound triad 
could would bound tried 
could would bound typed 
could would bound vaped 
could would bound vapid 
could would bound vexed 
could would bound vised 
could would bound vivid 
could would found ahead 
could would found aimed 
could would found aired 
could would found aphid 
could would found armed 
could would found ashed 
could would found asked 
could would found baaed 
could would found baked 
could would found bared 
could would found based 
could would found bated 
could would found bayed 
could would found beard 
could would found biked 
could would found biped 
could would found braid 
could would found bread 
could would found breed 
could would found eased 
could would found ebbed 
could would found egged 
could would found embed 
could would found erred 
could would found gaged 
could would found gamed 
could would found gaped 
could would found gated 
could would found gazed 
could would found gibed 
could would found greed 
could would found gybed 
could would found hared 
could would found hated 
could would found hayed 
could would found hazed 
could would found heard 
could would found hexed 
could would found hiked 
could would found hired 
could would found hived 
could would found hyped 
could would found imbed 
could would found irked 
could would found japed 
could would found jehad 
could would found jibed 
could would found jihad 
could would found jived 
could would found keyed 
could would found kited 
could would found mated 
could would found maxed 
could would found meted 
could would found miked 
could would found mimed 
could would found mired 
could would found mixed 
could would found paged 
could would found pared 
could would found paved 
could would found payed 
could would found piked 
could would found piped 
could would found pried 
could would found rabid 
could would found raged 
could would found raked 
could would found raped 
could would found rapid 
could would found rared 
could would found rated 
could would found raved 
could would found razed 
could would found rigid 
could would found rimed 
could would found sated 
could would found saved 
could would found sexed 
could would found shard 
could would found sherd 
could would found shied 
could would found shred 
could would found sired 
could would found sited 
could would found sized 
could would found skied 
could would found skyed 
could would found speed 
could would found spied 
could would found staid 
could would found stead 
could would found steed 
could would found tamed 
could would found taped 
could would found tared 
could would found taxed 
could would found tepid 
could would found third 
could would found timed 
could would found timid 
could would found tired 
could would found tread 
could would found treed 
could would found triad 
could would found tried 
could would found typed 
could would found vaped 
could would found vapid 
could would found vexed 
could would found vised 
could would found vivid 
could would gourd ahead 
could would gourd aimed 
could would gourd amend 
could would gourd anted 
could would gourd aphid 
could would gourd ashed 
could would gourd asked 
could would gourd baaed 
could would gourd baked 
could would gourd based 
could would gourd bated 
could would gourd bayed 
could would gourd biked 
could would gourd biped 
could would gourd eased 
could would gourd ebbed 
could would gourd embed 
could would gourd emend 
could would gourd faked 
could would gourd famed 
could would gourd fated 
could would gourd faxed 
could would gourd fazed 
could would gourd feted 
could would gourd fetid 
could would gourd fiend 
could would gourd fined 
could would gourd fixed 
could would gourd hated 
could would gourd hayed 
could would gourd hazed 
could would gourd hexed 
could would gourd hiked 
could would gourd hived 
could would gourd hyped 
could would gourd imbed 
could would gourd inked 
could would gourd japed 
could would gourd jehad 
could would gourd jibed 
could would gourd jihad 
could would gourd jived 
could would gourd keyed 
could would gourd kited 
could would gourd knead 
could would gourd kneed 
could would gourd mated 
could would gourd maxed 
could would gourd meted 
could would gourd miked 
could would gourd mimed 
could would gourd mined 
could would gourd mixed 
could would gourd naiad 
could would gourd naked 
could would gourd named 
could would gourd nixed 
could would gourd paved 
could would gourd payed 
could would gourd piked 
could would gourd pined 
could would gourd piped 
could would gourd sated 
could would gourd saved 
could would gourd sexed 
could would gourd shied 
could would gourd sited 
could would gourd sized 
could would gourd skied 
could would gourd skyed 
could would gourd speed 
could would gourd spend 
could would gourd spied 
could would gourd staid 
could would gourd stand 
could would gourd stead 
could would gourd steed 
could would gourd tamed 
could would gourd taped 
could would gourd taxed 
could would gourd tepid 
could would gourd timed 
could would gourd timid 
could would gourd typed 
could would gourd vaped 
could would gourd vapid 
could would gourd vexed 
could would gourd viand 
could would gourd vised 
could would gourd vivid 
could would hound aimed 
could would hound aired 
could would hound armed 
could would hound asked 
could would hound baaed 
could would hound baked 
could would hound bared 
could would hound based 
could would hound bated 
could would hound bayed 
could would hound beard 
could would hound biked 
could would hound biped 
could would hound braid 
could would hound bread 
could would hound breed 
could would hound eased 
could would hound ebbed 
could would hound egged 
could would hound embed 
could would hound erred 
could would hound faked 
could would hound famed 
could would hound fared 
could would hound fated 
could would hound faxed 
could would hound fazed 
could would hound feted 
could would hound fetid 
could would hound fired 
could would hound fixed 
could would hound freed 
could would hound fried 
could would hound gaged 
could would hound gamed 
could would hound gaped 
could would hound gated 
could would hound gazed 
could would hound gibed 
could would hound greed 
could would hound gybed 
could would hound imbed 
could would hound irked 
could would hound japed 
could would hound jibed 
could would hound jived 
could would hound keyed 
could would hound kited 
could would hound mated 
could would hound maxed 
could would hound meted 
could would hound miked 
could would hound mimed 
could would hound mired 
could would hound mixed 
could would hound paged 
could would hound pared 
could would hound paved 
could would hound payed 
could would hound piked 
could would hound piped 
could would hound pried 
could would hound rabid 
could would hound raged 
could would hound raked 
could would hound raped 
could would hound rapid 
could would hound rared 
could would hound rated 
could would hound raved 
could would hound razed 
could would hound rigid 
could would hound rimed 
could would hound sated 
could would hound saved 
could would hound sexed 
could would hound sired 
could would hound sited 
could would hound sized 
could would hound skied 
could would hound skyed 
could would hound speed 
could would hound spied 
could would hound staid 
could would hound stead 
could would hound steed 
could would hound tamed 
could would hound taped 
could would hound tared 
could would hound taxed 
could would hound tepid 
could would hound timed 
could would hound timid 
could would hound tired 
could would hound tread 
could would hound treed 
could would hound triad 
could would hound tried 
could would hound typed 
could would hound vaped 
could would hound vapid 
could would hound vexed 
could would hound vised 
could would hound vivid 
could would mound ahead 
could would mound aired 
could would mound aphid 
could would mound ashed 
could would mound asked 
could would mound baaed 
could would mound baked 
could would mound bared 
could would mound based 
could would mound bated 
could would mound bayed 
could would mound beard 
could would mound biked 
could would mound biped 
could would mound braid 
could would mound bread 
could would mound breed 
could would mound eased 
could would mound ebbed 
could would mound egged 
could would mound erred 
could would mound faked 
could would mound fared 
could would mound fated 
could would mound faxed 
could would mound fazed 
could would mound feted 
could would mound fetid 
could would mound fired 
could would mound fixed 
could would mound freed 
could would mound fried 
could would mound gaged 
could would mound gaped 
could would mound gated 
could would mound gazed 
could would mound gibed 
could would mound greed 
could would mound gybed 
could would mound hared 
could would mound hated 
could would mound hayed 
could would mound hazed 
could would mound heard 
could would mound hexed 
could would mound hiked 
could would mound hired 
could would mound hived 
could would mound hyped 
could would mound irked 
could would mound japed 
could would mound jehad 
could would mound jibed 
could would mound jihad 
could would mound jived 
could would mound keyed 
could would mound kited 
could would mound paged 
could would mound pared 
could would mound paved 
could would mound payed 
could would mound piked 
could would mound piped 
could would mound pried 
could would mound rabid 
could would mound raged 
could would mound raked 
could would mound raped 
could would mound rapid 
could would mound rared 
could would mound rated 
could would mound raved 
could would mound razed 
could would mound rigid 
could would mound sated 
could would mound saved 
could would mound sexed 
could would mound shard 
could would mound sherd 
could would mound shied 
could would mound shred 
could would mound sired 
could would mound sited 
could would mound sized 
could would mound skied 
could would mound skyed 
could would mound speed 
could would mound spied 
could would mound staid 
could would mound stead 
could would mound steed 
could would mound taped 
could would mound tared 
could would mound taxed 
could would mound tepid 
could would mound third 
could would mound tired 
could would mound tread 
could would mound treed 
could would mound triad 
could would mound tried 
could would mound typed 
could would mound vaped 
could would mound vapid 
could would mound vexed 
could would mound vised 
could would mound vivid 
could would pound ahead 
could would pound aimed 
could would pound aired 
could would pound armed 
could would pound ashed 
could would pound asked 
could would pound baaed 
could would pound baked 
could would pound bared 
could would pound based 
could would pound bated 
could would pound bayed 
could would pound beard 
could would pound biked 
could would pound braid 
could would pound bread 
could would pound breed 
could would pound eased 
could would pound ebbed 
could would pound egged 
could would pound embed 
could would pound erred 
could would pound faked 
could would pound famed 
could would pound fared 
could would pound fated 
could would pound faxed 
could would pound fazed 
could would pound feted 
could would pound fetid 
could would pound fired 
could would pound fixed 
could would pound freed 
could would pound fried 
could would pound gaged 
could would pound gamed 
could would pound gated 
could would pound gazed 
could would pound gibed 
could would pound greed 
could would pound gybed 
could would pound hared 
could would pound hated 
could would pound hayed 
could would pound hazed 
could would pound heard 
could would pound hexed 
could would pound hiked 
could would pound hired 
could would pound hived 
could would pound imbed 
could would pound irked 
could would pound jehad 
could would pound jibed 
could would pound jihad 
could would pound jived 
could would pound keyed 
could would pound kited 
could would pound mated 
could would pound maxed 
could would pound meted 
could would pound miked 
could would pound mimed 
could would pound mired 
could would pound mixed 
could would pound rabid 
could would pound raged 
could would pound raked 
could would pound rared 
could would pound rated 
could would pound raved 
could would pound razed 
could would pound rigid 
could would pound rimed 
could would pound sated 
could would pound saved 
could would pound sexed 
could would pound shard 
could would pound sherd 
could would pound shied 
could would pound shred 
could would pound sired 
could would pound sited 
could would pound sized 
could would pound skied 
could would pound skyed 
could would pound staid 
could would pound stead 
could would pound steed 
could would pound tamed 
could would pound tared 
could would pound taxed 
could would pound third 
could would pound timed 
could would pound timid 
could would pound tired 
could would pound tread 
could would pound treed 
could would pound triad 
could would pound tried 
could would pound vexed 
could would pound vised 
could would pound vivid 
could would round ahead 
could would round aimed 
could would round aphid 
could would round ashed 
could would round asked 
could would round baaed 
could would round baked 
could would round based 
could would round bated 
could would round bayed 
could would round biked 
could would round biped 
could would round eased 
could would round ebbed 
could would round egged 
could would round embed 
could would round faked 
could would round famed 
could would round fated 
could would round faxed 
could would round fazed 
could would round feted 
could would round fetid 
could would round fixed 
could would round gaged 
could would round gamed 
could would round gaped 
could would round gated 
could would round gazed 
could would round gibed 
could would round gybed 
could would round hated 
could would round hayed 
could would round hazed 
could would round hexed 
could would round hiked 
could would round hived 
could would round hyped 
could would round imbed 
could would round japed 
could would round jehad 
could would round jibed 
could would round jihad 
could would round jived 
could would round keyed 
could would round kited 
could would round mated 
could would round maxed 
could would round meted 
could would round miked 
could would round mimed 
could would round mixed 
could would round paged 
could would round paved 
could would round payed 
could would round piked 
could would round piped 
could would round sated 
could would round saved 
could would round sexed 
could would round shied 
could would round sited 
could would round sized 
could would round skied 
could would round skyed 
could would round speed 
could would round spied 
could would round staid 
could would round stead 
could would round steed 
could would round tamed 
could would round taped 
could would round taxed 
could would round tepid 
could would round timed 
could would round timid 
could would round typed 
could would round vaped 
could would round vapid 
could would round vexed 
could would round vised 
could would round vivid 
could would sound ahead 
could would sound aimed 
could would sound aired 
could would sound aphid 
could would sound armed 
could would sound baaed 
could would sound baked 
could would sound bared 
could would sound bated 
could would sound bayed 
could would sound beard 
could would sound biked 
could would sound biped 
could would sound braid 
could would sound bread 
could would sound breed 
could would sound ebbed 
could would sound egged 
could would sound embed 
could would sound erred 
could would sound faked 
could would sound famed 
could would sound fared 
could would sound fated 
could would sound faxed 
could would sound fazed 
could would sound feted 
could would sound fetid 
could would sound fired 
could would sound fixed 
could would sound freed 
could would sound fried 
could would sound gaged 
could would sound gamed 
could would sound gaped 
could would sound gated 
could would sound gazed 
could would sound gibed 
could would sound greed 
could would sound gybed 
could would sound hared 
could would sound hated 
could would sound hayed 
could would sound hazed 
could would sound heard 
could would sound hexed 
could would sound hiked 
could would sound hired 
could would sound hived 
could would sound hyped 
could would sound imbed 
could would sound irked 
could would sound japed 
could would sound jehad 
could would sound jibed 
could would sound jihad 
could would sound jived 
could would sound keyed 
could would sound kited 
could would sound mated 
could would sound maxed 
could would sound meted 
could would sound miked 
could would sound mimed 
could would sound mired 
could would sound mixed 
could would sound paged 
could would sound pared 
could would sound paved 
could would sound payed 
could would sound piked 
could would sound piped 
could would sound pried 
could would sound rabid 
could would sound raged 
could would sound raked 
could would sound raped 
could would sound rapid 
could would sound rared 
could would sound rated 
could would sound raved 
could would sound razed 
could would sound rigid 
could would sound rimed 
could would sound tamed 
could would sound taped 
could would sound tared 
could would sound taxed 
could would sound tepid 
could would sound third 
could would sound timed 
could would sound timid 
could would sound tired 
could would sound tread 
could would sound treed 
could would sound triad 
could would sound tried 
could would sound typed 
could would sound vaped 
could would sound vapid 
could would sound vexed 
could would sound vivid 
