perky derby feral curie tress 
perky derby feral curie wrens 
perky derby feral curie wrest 
perky derby feral curve tress 
perky derby feral curve wrens 
perky derby feral curve wrest 
perky derby feral gorge cress 
perky derby feral gorge crest 
perky derby feral gorge crews 
perky derby feral gorge tress 
perky derby feral gorge wrens 
perky derby feral gorge wrest 
perky derby feral throe cress 
perky derby feral throe crews 
perky derby feral throe wrens 
perky derby feral torte cress 
perky derby feral torte crews 
perky derby feral torte wrens 
perky derby ferns curie great 
perky derby ferns curie treat 
perky derby ferns curve great 
perky derby ferns curve treat 
perky derby ferns gorge cream 
perky derby ferns gorge treat 
perky derby ferns throe cream 
perky derby ferns torte cream 
perky derby germs curie arena 
perky derby germs curie treat 
perky derby germs curve arena 
perky derby germs curve treat 
perky derby germs force arena 
perky derby germs force treat 
perky derby germs forte arena 
perky derby germs furze arena 
perky derby germs furze treat 
perky derby germs throe arena 
perky derby germs torte arena 
perky derby heron aurae cress 
perky derby heron aurae crest 
perky derby heron aurae crews 
perky derby heron aurae frets 
perky derby heron aurae tress 
perky derby heron aurae wrest 
perky derby heron carve frets 
perky derby heron carve tress 
perky derby heron carve wrest 
perky derby heron curie areas 
perky derby heron curie frets 
perky derby heron curie great 
perky derby heron curie treat 
perky derby heron curie tress 
perky derby heron curie wrest 
perky derby heron curse great 
perky derby heron curse treat 
perky derby heron curve areas 
perky derby heron curve frets 
perky derby heron curve great 
perky derby heron curve treat 
perky derby heron curve tress 
perky derby heron curve wrest 
perky derby heron farce tress 
perky derby heron farce wrest 
perky derby heron furze areas 
perky derby heron furze cream 
perky derby heron furze cress 
perky derby heron furze crest 
perky derby heron furze crews 
perky derby heron furze great 
perky derby heron furze treat 
perky derby heron furze tress 
perky derby heron furze wrest 
perky derby heron large cress 
perky derby heron large crest 
perky derby heron large crews 
perky derby heron large frets 
perky derby heron large tress 
perky derby heron large wrest 
perky derby heron surge cream 
perky derby heron surge treat 
perky derby heros curie arena 
perky derby heros curie great 
perky derby heros curie treat 
perky derby heros curve arena 
perky derby heros curve great 
perky derby heros curve treat 
perky derby heros furze arena 
perky derby heros furze cream 
perky derby heros furze great 
perky derby heros furze treat 
perky derby hertz aurae cress 
perky derby hertz aurae crews 
perky derby hertz aurae wrens 
perky derby hertz carve wrens 
perky derby hertz curie areas 
perky derby hertz curie arena 
perky derby hertz curie wrens 
perky derby hertz curse arena 
perky derby hertz curve areas 
perky derby hertz curve arena 
perky derby hertz curve wrens 
perky derby hertz farce wrens 
perky derby hertz force areas 
perky derby hertz force arena 
perky derby hertz force wrens 
perky derby hertz forge areas 
perky derby hertz forge arena 
perky derby hertz forge cream 
perky derby hertz forge cress 
perky derby hertz forge crews 
perky derby hertz forge wrens 
perky derby hertz gorge areas 
perky derby hertz gorge arena 
perky derby hertz gorge cream 
perky derby hertz gorge cress 
perky derby hertz gorge crews 
perky derby hertz gorge wrens 
perky derby hertz gorse arena 
perky derby hertz gorse cream 
perky derby hertz large cress 
perky derby hertz large crews 
perky derby hertz large wrens 
perky derby hertz nurse cream 
perky derby hertz surge arena 
perky derby hertz surge cream 
perky derby hertz worse arena 
perky derby hertz worse cream 
perky derby merit aurae cress 
perky derby merit aurae crews 
perky derby merit aurae fresh 
perky derby merit aurae wrens 
perky derby merit carve fresh 
perky derby merit carve wrens 
perky derby merit curse arena 
perky derby merit curve areas 
perky derby merit curve arena 
perky derby merit curve fresh 
perky derby merit curve wrens 
perky derby merit farce wrens 
perky derby merit force areas 
perky derby merit force arena 
perky derby merit force wrens 
perky derby merit forge areas 
perky derby merit forge arena 
perky derby merit forge cress 
perky derby merit forge crews 
perky derby merit forge wrens 
perky derby merit furze areas 
perky derby merit furze arena 
perky derby merit furze cress 
perky derby merit furze crews 
perky derby merit furze wrens 
perky derby merit gorge areas 
perky derby merit gorge arena 
perky derby merit gorge cress 
perky derby merit gorge crews 
perky derby merit gorge fresh 
perky derby merit gorge wrens 
perky derby merit gorse arena 
perky derby merit horse arena 
perky derby merit large cress 
perky derby merit large crews 
perky derby merit large fresh 
perky derby merit large wrens 
perky derby merit surge arena 
perky derby merit worse arena 
perky derby serfs curie arena 
perky derby serfs curie great 
perky derby serfs curie treat 
perky derby serfs curve arena 
perky derby serfs curve great 
perky derby serfs curve treat 
perky derby serfs gorge arena 
perky derby serfs gorge cream 
perky derby serfs gorge treat 
perky derby serfs throe arena 
perky derby serfs throe cream 
perky derby serfs torte arena 
perky derby serfs torte cream 
perky derby serum force arena 
perky derby serum force great 
perky derby serum force treat 
perky derby serum forge arena 
perky derby serum forge treat 
perky derby serum forte arena 
perky derby serum gorge arena 
perky derby serum gorge treat 
perky derby serum throe arena 
perky derby serum torte arena 
perky derby servo curie arena 
perky derby servo curie great 
perky derby servo curie treat 
perky derby servo furze arena 
perky derby servo furze cream 
perky derby servo furze great 
perky derby servo furze treat 
perky derby terms curie arena 
perky derby terms curve arena 
perky derby terms force arena 
perky derby terms forge arena 
perky derby terms furze arena 
perky derby terms gorge arena 
perky derby terns forge cream 
perky derby terns furze cream 
perky derby terns gorge cream 
perky derby zeros curie arena 
perky derby zeros curie great 
perky derby zeros curie treat 
perky derby zeros curve arena 
perky derby zeros curve great 
perky derby zeros curve treat 
perky mercy bergs aurae trend 
perky mercy bergs forte arena 
perky mercy bergs forte dread 
perky mercy bergs furze arena 
perky mercy bergs furze dread 
perky mercy bergs furze tread 
perky mercy bergs furze treat 
perky mercy bergs furze trend 
perky mercy bergs horde arena 
perky mercy bergs horde treat 
perky mercy bergs throe arena 
perky mercy bergs throe dread 
perky mercy bergs torte arena 
perky mercy bergs torte dread 
perky mercy berth aurae dregs 
perky mercy berth aurae dress 
perky mercy berth aurae wrens 
perky mercy berth dirge areas 
perky mercy berth dirge arena 
perky mercy berth dirge wrens 
perky mercy berth forge areas 
perky mercy berth forge arena 
perky mercy berth forge dread 
perky mercy berth forge dress 
perky mercy berth forge wrens 
perky mercy berth furze areas 
perky mercy berth furze arena 
perky mercy berth furze dread 
perky mercy berth furze dregs 
perky mercy berth furze dress 
perky mercy berth furze wrens 
perky mercy berth gorge areas 
perky mercy berth gorge arena 
perky mercy berth gorge dread 
perky mercy berth gorge dress 
perky mercy berth gorge wrens 
perky mercy berth gorse arena 
perky mercy berth gorse dread 
perky mercy berth large dress 
perky mercy berth large wrens 
perky mercy berth nurse dread 
perky mercy berth surge arena 
perky mercy berth surge dread 
perky mercy berth worse arena 
perky mercy berth worse dread 
perky mercy feral borne dregs 
perky mercy feral borne dress 
perky mercy feral borne tress 
perky mercy feral borne wrest 
perky mercy feral dirge brews 
perky mercy feral dirge tress 
perky mercy feral dirge wrens 
perky mercy feral dirge wrest 
perky mercy feral gorge brews 
perky mercy feral gorge dress 
perky mercy feral gorge trend 
perky mercy feral gorge tress 
perky mercy feral gorge wrens 
perky mercy feral gorge wrest 
perky mercy feral gorse trend 
perky mercy feral horde brews 
perky mercy feral horde tress 
perky mercy feral horde wrens 
perky mercy feral horde wrest 
perky mercy feral horse trend 
perky mercy feral surge trend 
perky mercy feral throe brews 
perky mercy feral throe dregs 
perky mercy feral throe dress 
perky mercy feral throe wrens 
perky mercy feral torte brews 
perky mercy feral torte dregs 
perky mercy feral torte dress 
perky mercy feral torte wrens 
perky mercy feral worse trend 
perky mercy ferns dirge treat 
perky mercy ferns gorge bread 
perky mercy ferns gorge dread 
perky mercy ferns gorge tread 
perky mercy ferns gorge treat 
perky mercy ferns horde great 
perky mercy ferns horde treat 
perky mercy ferns throe bread 
perky mercy ferns throe dread 
perky mercy ferns torte bread 
perky mercy ferns torte dread 
perky mercy herbs aurae trend 
perky mercy herbs dirge arena 
perky mercy herbs dirge treat 
perky mercy herbs forge arena 
perky mercy herbs forge dread 
perky mercy herbs forge tread 
perky mercy herbs forge treat 
perky mercy herbs forge trend 
perky mercy herbs forte arena 
perky mercy herbs forte dread 
perky mercy herbs furze arena 
perky mercy herbs furze dread 
perky mercy herbs furze great 
perky mercy herbs furze tread 
perky mercy herbs furze treat 
perky mercy herbs furze trend 
perky mercy herbs gorge arena 
perky mercy herbs gorge dread 
perky mercy herbs gorge tread 
perky mercy herbs gorge treat 
perky mercy herbs gorge trend 
perky mercy herbs large trend 
perky mercy herbs torte arena 
perky mercy herbs torte dread 
perky mercy herds borne great 
perky mercy herds borne treat 
perky mercy herds forge arena 
perky mercy herds forge treat 
perky mercy herds forte arena 
perky mercy herds furze arena 
perky mercy herds furze great 
perky mercy herds furze treat 
perky mercy herds gorge arena 
perky mercy herds gorge treat 
perky mercy herds torte arena 
perky mercy heron aurae brews 
perky mercy heron aurae dregs 
perky mercy heron aurae dress 
perky mercy heron aurae frets 
perky mercy heron aurae tress 
perky mercy heron aurae wrest 
perky mercy heron barge dress 
perky mercy heron barge frets 
perky mercy heron barge tress 
perky mercy heron barge wrest 
perky mercy heron dirge areas 
perky mercy heron dirge brews 
perky mercy heron dirge frets 
perky mercy heron dirge treat 
perky mercy heron dirge tress 
perky mercy heron dirge wrest 
perky mercy heron furze areas 
perky mercy heron furze bread 
perky mercy heron furze brews 
perky mercy heron furze dread 
perky mercy heron furze dregs 
perky mercy heron furze dress 
perky mercy heron furze great 
perky mercy heron furze tread 
perky mercy heron furze treat 
perky mercy heron furze tress 
perky mercy heron furze wrest 
perky mercy heron large brews 
perky mercy heron large dress 
perky mercy heron large frets 
perky mercy heron large tress 
perky mercy heron large wrest 
perky mercy heron surge bread 
perky mercy heron surge dread 
perky mercy heron surge tread 
perky mercy heron surge treat 
perky mercy heros aurae trend 
perky mercy heros barge trend 
perky mercy heros dirge arena 
perky mercy heros dirge treat 
perky mercy heros furze arena 
perky mercy heros furze bread 
perky mercy heros furze dread 
perky mercy heros furze great 
perky mercy heros furze tread 
perky mercy heros furze treat 
perky mercy heros furze trend 
perky mercy heros large trend 
perky mercy hertz aurae brews 
perky mercy hertz aurae dregs 
perky mercy hertz aurae dress 
perky mercy hertz aurae wrens 
perky mercy hertz barge dress 
perky mercy hertz barge wrens 
perky mercy hertz borne areas 
perky mercy hertz borne dread 
perky mercy hertz borne dregs 
perky mercy hertz borne dress 
perky mercy hertz dirge areas 
perky mercy hertz dirge arena 
perky mercy hertz dirge brews 
perky mercy hertz dirge wrens 
perky mercy hertz forge areas 
perky mercy hertz forge arena 
perky mercy hertz forge bread 
perky mercy hertz forge brews 
perky mercy hertz forge dread 
perky mercy hertz forge dress 
perky mercy hertz forge wrens 
perky mercy hertz gorge areas 
perky mercy hertz gorge arena 
perky mercy hertz gorge bread 
perky mercy hertz gorge brews 
perky mercy hertz gorge dread 
perky mercy hertz gorge dress 
perky mercy hertz gorge wrens 
perky mercy hertz gorse arena 
perky mercy hertz gorse bread 
perky mercy hertz gorse dread 
perky mercy hertz large brews 
perky mercy hertz large dress 
perky mercy hertz large wrens 
perky mercy hertz nurse bread 
perky mercy hertz nurse dread 
perky mercy hertz surge arena 
perky mercy hertz surge bread 
perky mercy hertz surge dread 
perky mercy hertz worse arena 
perky mercy hertz worse bread 
perky mercy hertz worse dread 
perky mercy nerds forge treat 
perky mercy nerds furze great 
perky mercy nerds furze treat 
perky mercy nerds gorge treat 
perky mercy serfs aurae trend 
perky mercy serfs barge trend 
perky mercy serfs borne dread 
perky mercy serfs borne great 
perky mercy serfs borne tread 
perky mercy serfs borne treat 
perky mercy serfs dirge arena 
perky mercy serfs dirge treat 
perky mercy serfs gorge arena 
perky mercy serfs gorge bread 
perky mercy serfs gorge dread 
perky mercy serfs gorge tread 
perky mercy serfs gorge treat 
perky mercy serfs gorge trend 
perky mercy serfs horde arena 
perky mercy serfs horde great 
perky mercy serfs horde treat 
perky mercy serfs large trend 
perky mercy serfs throe arena 
perky mercy serfs throe bread 
perky mercy serfs throe dread 
perky mercy serfs torte arena 
perky mercy serfs torte bread 
perky mercy serfs torte dread 
perky mercy servo aurae trend 
perky mercy servo barge trend 
perky mercy servo dirge arena 
perky mercy servo dirge treat 
perky mercy servo furze arena 
perky mercy servo furze bread 
perky mercy servo furze dread 
perky mercy servo furze great 
perky mercy servo furze tread 
perky mercy servo furze treat 
perky mercy servo furze trend 
perky mercy servo large trend 
perky mercy terns forge bread 
perky mercy terns forge dread 
perky mercy terns furze bread 
perky mercy terns furze dread 
perky mercy terns gorge bread 
perky mercy terns gorge dread 
perky mercy verbs aurae trend 
perky mercy verbs dirge arena 
perky mercy verbs dirge treat 
perky mercy verbs forge arena 
perky mercy verbs forge dread 
perky mercy verbs forge tread 
perky mercy verbs forge treat 
perky mercy verbs forge trend 
perky mercy verbs forte arena 
perky mercy verbs forte dread 
perky mercy verbs furze arena 
perky mercy verbs furze dread 
perky mercy verbs furze great 
perky mercy verbs furze tread 
perky mercy verbs furze treat 
perky mercy verbs furze trend 
perky mercy verbs gorge arena 
perky mercy verbs gorge dread 
perky mercy verbs gorge tread 
perky mercy verbs gorge treat 
perky mercy verbs gorge trend 
perky mercy verbs horde arena 
perky mercy verbs horde great 
perky mercy verbs horde treat 
perky mercy verbs large trend 
perky mercy verbs throe arena 
perky mercy verbs throe dread 
perky mercy verbs torte arena 
perky mercy verbs torte dread 
perky mercy zeros aurae trend 
perky mercy zeros barge trend 
perky mercy zeros dirge arena 
perky mercy zeros dirge treat 
perky mercy zeros large trend 
perky nerdy bergs curie treat 
perky nerdy bergs curve treat 
perky nerdy bergs force treat 
perky nerdy bergs forte cream 
perky nerdy bergs furze cream 
perky nerdy bergs furze treat 
perky nerdy bergs throe cream 
perky nerdy bergs torte cream 
perky nerdy berms curie great 
perky nerdy berms curie treat 
perky nerdy berms curve great 
perky nerdy berms curve treat 
perky nerdy berms force great 
perky nerdy berms force treat 
perky nerdy berms forge treat 
perky nerdy berms furze great 
perky nerdy berms furze treat 
perky nerdy berms gorge treat 
perky nerdy berth aurae cress 
perky nerdy berth aurae crews 
perky nerdy berth curie areas 
perky nerdy berth curve areas 
perky nerdy berth force areas 
perky nerdy berth forge areas 
perky nerdy berth forge cream 
perky nerdy berth forge cress 
perky nerdy berth forge crews 
perky nerdy berth furze areas 
perky nerdy berth furze cream 
perky nerdy berth furze cress 
perky nerdy berth furze crews 
perky nerdy berth gorge areas 
perky nerdy berth gorge cream 
perky nerdy berth gorge cress 
perky nerdy berth gorge crews 
perky nerdy berth gorse cream 
perky nerdy berth large cress 
perky nerdy berth large crews 
perky nerdy berth surge cream 
perky nerdy berth worse cream 
perky nerdy feral curie brews 
perky nerdy feral curie tress 
perky nerdy feral curie wrest 
perky nerdy feral curve brews 
perky nerdy feral curve tress 
perky nerdy feral curve wrest 
perky nerdy feral gorge brews 
perky nerdy feral gorge cress 
perky nerdy feral gorge crest 
perky nerdy feral gorge crews 
perky nerdy feral gorge tress 
perky nerdy feral gorge wrest 
perky nerdy feral throe brews 
perky nerdy feral throe cress 
perky nerdy feral throe crews 
perky nerdy feral torte brews 
perky nerdy feral torte cress 
perky nerdy feral torte crews 
perky nerdy germs curie treat 
perky nerdy germs curve treat 
perky nerdy germs force treat 
perky nerdy germs furze treat 
perky nerdy herbs curie great 
perky nerdy herbs curie treat 
perky nerdy herbs curve great 
perky nerdy herbs curve treat 
perky nerdy herbs force great 
perky nerdy herbs force treat 
perky nerdy herbs forge cream 
perky nerdy herbs forge treat 
perky nerdy herbs forte cream 
perky nerdy herbs furze cream 
perky nerdy herbs furze great 
perky nerdy herbs furze treat 
perky nerdy herbs gorge cream 
perky nerdy herbs gorge treat 
perky nerdy herbs torte cream 
perky nerdy heros curie great 
perky nerdy heros curie treat 
perky nerdy heros curve great 
perky nerdy heros curve treat 
perky nerdy heros furze cream 
perky nerdy heros furze great 
perky nerdy heros furze treat 
perky nerdy hertz aurae brews 
perky nerdy hertz aurae cress 
perky nerdy hertz aurae crews 
perky nerdy hertz barge cress 
perky nerdy hertz barge crews 
perky nerdy hertz carve brews 
perky nerdy hertz curie areas 
perky nerdy hertz curie brews 
perky nerdy hertz curve areas 
perky nerdy hertz curve brews 
perky nerdy hertz farce brews 
perky nerdy hertz force areas 
perky nerdy hertz force brews 
perky nerdy hertz forge areas 
perky nerdy hertz forge brews 
perky nerdy hertz forge cream 
perky nerdy hertz forge cress 
perky nerdy hertz forge crews 
perky nerdy hertz gorge areas 
perky nerdy hertz gorge brews 
perky nerdy hertz gorge cream 
perky nerdy hertz gorge cress 
perky nerdy hertz gorge crews 
perky nerdy hertz gorse cream 
perky nerdy hertz large brews 
perky nerdy hertz large cress 
perky nerdy hertz large crews 
perky nerdy hertz surge cream 
perky nerdy hertz worse cream 
perky nerdy merit aurae brews 
perky nerdy merit aurae cress 
perky nerdy merit aurae crews 
perky nerdy merit aurae fresh 
perky nerdy merit barge cress 
perky nerdy merit barge crews 
perky nerdy merit barge fresh 
perky nerdy merit carve brews 
perky nerdy merit carve fresh 
perky nerdy merit curve areas 
perky nerdy merit curve brews 
perky nerdy merit curve fresh 
perky nerdy merit farce brews 
perky nerdy merit force areas 
perky nerdy merit force brews 
perky nerdy merit forge areas 
perky nerdy merit forge brews 
perky nerdy merit forge cress 
perky nerdy merit forge crews 
perky nerdy merit furze areas 
perky nerdy merit furze brews 
perky nerdy merit furze cress 
perky nerdy merit furze crews 
perky nerdy merit gorge areas 
perky nerdy merit gorge brews 
perky nerdy merit gorge cress 
perky nerdy merit gorge crews 
perky nerdy merit gorge fresh 
perky nerdy merit large brews 
perky nerdy merit large cress 
perky nerdy merit large crews 
perky nerdy merit large fresh 
perky nerdy serfs curie great 
perky nerdy serfs curie treat 
perky nerdy serfs curve great 
perky nerdy serfs curve treat 
perky nerdy serfs gorge cream 
perky nerdy serfs gorge treat 
perky nerdy serfs throe cream 
perky nerdy serfs torte cream 
perky nerdy serum force great 
perky nerdy serum force treat 
perky nerdy serum forge treat 
perky nerdy serum gorge treat 
perky nerdy servo curie great 
perky nerdy servo curie treat 
perky nerdy servo furze cream 
perky nerdy servo furze great 
perky nerdy servo furze treat 
perky nerdy verbs curie great 
perky nerdy verbs curie treat 
perky nerdy verbs force great 
perky nerdy verbs force treat 
perky nerdy verbs forge cream 
perky nerdy verbs forge treat 
perky nerdy verbs forte cream 
perky nerdy verbs furze cream 
perky nerdy verbs furze great 
perky nerdy verbs furze treat 
perky nerdy verbs gorge cream 
perky nerdy verbs gorge treat 
perky nerdy verbs throe cream 
perky nerdy verbs torte cream 
perky nerdy zeros curie great 
perky nerdy zeros curie treat 
perky nerdy zeros curve great 
perky nerdy zeros curve treat 
perky nervy bergs aurae credo 
perky nervy bergs curie dread 
perky nervy bergs curie dream 
perky nervy bergs curie tread 
perky nervy bergs curie treat 
perky nervy bergs force dread 
perky nervy bergs force dream 
perky nervy bergs force tread 
perky nervy bergs force treat 
perky nervy bergs forte cream 
perky nervy bergs forte dread 
perky nervy bergs forte dream 
perky nervy bergs furze cream 
perky nervy bergs furze credo 
perky nervy bergs furze dread 
perky nervy bergs furze dream 
perky nervy bergs furze tread 
perky nervy bergs furze treat 
perky nervy bergs horde cream 
perky nervy bergs horde treat 
perky nervy bergs throe cream 
perky nervy bergs throe dread 
perky nervy bergs throe dream 
perky nervy bergs torte cream 
perky nervy bergs torte dread 
perky nervy bergs torte dream 
perky nervy berms aurae credo 
perky nervy berms curie dread 
perky nervy berms curie great 
perky nervy berms curie tread 
perky nervy berms curie treat 
perky nervy berms dirge treat 
perky nervy berms force dread 
perky nervy berms force great 
perky nervy berms force tread 
perky nervy berms force treat 
perky nervy berms forge dread 
perky nervy berms forge tread 
perky nervy berms forge treat 
perky nervy berms forte dread 
perky nervy berms furze credo 
perky nervy berms furze dread 
perky nervy berms furze great 
perky nervy berms furze tread 
perky nervy berms furze treat 
perky nervy berms gorge dread 
perky nervy berms gorge tread 
perky nervy berms gorge treat 
perky nervy berms horde great 
perky nervy berms horde treat 
perky nervy berms large credo 
perky nervy berms throe dread 
perky nervy berms torte dread 
perky nervy berth aurae credo 
perky nervy berth aurae cress 
perky nervy berth aurae crews 
perky nervy berth aurae dregs 
perky nervy berth aurae dress 
perky nervy berth curie areas 
perky nervy berth curie dread 
perky nervy berth curie dream 
perky nervy berth curie dregs 
perky nervy berth curie dress 
perky nervy berth curse dread 
perky nervy berth curse dream 
perky nervy berth dirge areas 
perky nervy berth dirge cream 
perky nervy berth dirge cress 
perky nervy berth dirge crews 
perky nervy berth farce dregs 
perky nervy berth farce dress 
perky nervy berth force areas 
perky nervy berth force dread 
perky nervy berth force dream 
perky nervy berth force dregs 
perky nervy berth force dress 
perky nervy berth forge areas 
perky nervy berth forge cream 
perky nervy berth forge cress 
perky nervy berth forge crews 
perky nervy berth forge dread 
perky nervy berth forge dream 
perky nervy berth forge dress 
perky nervy berth furze areas 
perky nervy berth furze cream 
perky nervy berth furze credo 
perky nervy berth furze cress 
perky nervy berth furze crews 
perky nervy berth furze dread 
perky nervy berth furze dream 
perky nervy berth furze dregs 
perky nervy berth furze dress 
perky nervy berth gorge areas 
perky nervy berth gorge cream 
perky nervy berth gorge cress 
perky nervy berth gorge crews 
perky nervy berth gorge dread 
perky nervy berth gorge dream 
perky nervy berth gorge dress 
perky nervy berth gorse cream 
perky nervy berth gorse dread 
perky nervy berth gorse dream 
perky nervy berth large credo 
perky nervy berth large cress 
perky nervy berth large crews 
perky nervy berth large dress 
perky nervy berth surge cream 
perky nervy berth surge credo 
perky nervy berth surge dread 
perky nervy berth surge dream 
perky nervy berth worse cream 
perky nervy berth worse dread 
perky nervy berth worse dream 
perky nervy feral curie brews 
perky nervy feral curie dregs 
perky nervy feral curie dress 
perky nervy feral curie tress 
perky nervy feral curie wrest 
perky nervy feral dirge brews 
perky nervy feral dirge cress 
perky nervy feral dirge crest 
perky nervy feral dirge crews 
perky nervy feral dirge tress 
perky nervy feral dirge wrest 
perky nervy feral gorge brews 
perky nervy feral gorge cress 
perky nervy feral gorge crest 
perky nervy feral gorge crews 
perky nervy feral gorge dress 
perky nervy feral gorge tress 
perky nervy feral gorge wrest 
perky nervy feral horde brews 
perky nervy feral horde cress 
perky nervy feral horde crest 
perky nervy feral horde crews 
perky nervy feral horde tress 
perky nervy feral horde wrest 
perky nervy feral surge credo 
perky nervy feral throe brews 
perky nervy feral throe cress 
perky nervy feral throe crews 
perky nervy feral throe dregs 
perky nervy feral throe dress 
perky nervy feral torte brews 
perky nervy feral torte cress 
perky nervy feral torte crews 
perky nervy feral torte dregs 
perky nervy feral torte dress 
perky nervy germs aurae credo 
perky nervy germs curie bread 
perky nervy germs curie dread 
perky nervy germs curie tread 
perky nervy germs curie treat 
perky nervy germs force bread 
perky nervy germs force dread 
perky nervy germs force tread 
perky nervy germs force treat 
perky nervy germs forte bread 
perky nervy germs forte dread 
perky nervy germs furze bread 
perky nervy germs furze credo 
perky nervy germs furze dread 
perky nervy germs furze tread 
perky nervy germs furze treat 
perky nervy germs horde treat 
perky nervy germs throe bread 
perky nervy germs throe dread 
perky nervy germs torte bread 
perky nervy germs torte dread 
perky nervy herbs aurae credo 
perky nervy herbs curie dread 
perky nervy herbs curie dream 
perky nervy herbs curie great 
perky nervy herbs curie tread 
perky nervy herbs curie treat 
perky nervy herbs dirge cream 
perky nervy herbs dirge treat 
perky nervy herbs force dread 
perky nervy herbs force dream 
perky nervy herbs force great 
perky nervy herbs force tread 
perky nervy herbs force treat 
perky nervy herbs forge cream 
perky nervy herbs forge dread 
perky nervy herbs forge dream 
perky nervy herbs forge tread 
perky nervy herbs forge treat 
perky nervy herbs forte cream 
perky nervy herbs forte dread 
perky nervy herbs forte dream 
perky nervy herbs furze cream 
perky nervy herbs furze credo 
perky nervy herbs furze dread 
perky nervy herbs furze dream 
perky nervy herbs furze great 
perky nervy herbs furze tread 
perky nervy herbs furze treat 
perky nervy herbs gorge cream 
perky nervy herbs gorge dread 
perky nervy herbs gorge dream 
perky nervy herbs gorge tread 
perky nervy herbs gorge treat 
perky nervy herbs large credo 
perky nervy herbs torte cream 
perky nervy herbs torte dread 
perky nervy herbs torte dream 
perky nervy herds curie great 
perky nervy herds curie treat 
perky nervy herds force great 
perky nervy herds force treat 
perky nervy herds forge cream 
perky nervy herds forge treat 
perky nervy herds forte cream 
perky nervy herds furze cream 
perky nervy herds furze great 
perky nervy herds furze treat 
perky nervy herds gorge cream 
perky nervy herds gorge treat 
perky nervy herds torte cream 
perky nervy heros curie bread 
perky nervy heros curie dread 
perky nervy heros curie dream 
perky nervy heros curie great 
perky nervy heros curie tread 
perky nervy heros curie treat 
perky nervy heros dirge cream 
perky nervy heros dirge treat 
perky nervy heros furze bread 
perky nervy heros furze cream 
perky nervy heros furze dread 
perky nervy heros furze dream 
perky nervy heros furze great 
perky nervy heros furze tread 
perky nervy heros furze treat 
perky nervy hertz aurae brews 
perky nervy hertz aurae credo 
perky nervy hertz aurae cress 
perky nervy hertz aurae crews 
perky nervy hertz aurae dregs 
perky nervy hertz aurae dress 
perky nervy hertz barge credo 
perky nervy hertz barge cress 
perky nervy hertz barge crews 
perky nervy hertz barge dress 
perky nervy hertz curie areas 
perky nervy hertz curie bread 
perky nervy hertz curie brews 
perky nervy hertz curie dread 
perky nervy hertz curie dream 
perky nervy hertz curie dregs 
perky nervy hertz curie dress 
perky nervy hertz curse bread 
perky nervy hertz curse dread 
perky nervy hertz curse dream 
perky nervy hertz dirge areas 
perky nervy hertz dirge brews 
perky nervy hertz dirge cream 
perky nervy hertz dirge cress 
perky nervy hertz dirge crews 
perky nervy hertz farce brews 
perky nervy hertz farce dregs 
perky nervy hertz farce dress 
perky nervy hertz force areas 
perky nervy hertz force bread 
perky nervy hertz force brews 
perky nervy hertz force dread 
perky nervy hertz force dream 
perky nervy hertz force dregs 
perky nervy hertz force dress 
perky nervy hertz forge areas 
perky nervy hertz forge bread 
perky nervy hertz forge brews 
perky nervy hertz forge cream 
perky nervy hertz forge cress 
perky nervy hertz forge crews 
perky nervy hertz forge dread 
perky nervy hertz forge dream 
perky nervy hertz forge dress 
perky nervy hertz gorge areas 
perky nervy hertz gorge bread 
perky nervy hertz gorge brews 
perky nervy hertz gorge cream 
perky nervy hertz gorge cress 
perky nervy hertz gorge crews 
perky nervy hertz gorge dread 
perky nervy hertz gorge dream 
perky nervy hertz gorge dress 
perky nervy hertz gorse bread 
perky nervy hertz gorse cream 
perky nervy hertz gorse dread 
perky nervy hertz gorse dream 
perky nervy hertz large brews 
perky nervy hertz large credo 
perky nervy hertz large cress 
perky nervy hertz large crews 
perky nervy hertz large dress 
perky nervy hertz surge bread 
perky nervy hertz surge cream 
perky nervy hertz surge credo 
perky nervy hertz surge dread 
perky nervy hertz surge dream 
perky nervy hertz worse bread 
perky nervy hertz worse cream 
perky nervy hertz worse dread 
perky nervy hertz worse dream 
perky nervy merit aurae brews 
perky nervy merit aurae credo 
perky nervy merit aurae cress 
perky nervy merit aurae crews 
perky nervy merit aurae dregs 
perky nervy merit aurae dress 
perky nervy merit aurae fresh 
perky nervy merit barge credo 
perky nervy merit barge cress 
perky nervy merit barge crews 
perky nervy merit barge dress 
perky nervy merit barge fresh 
perky nervy merit curse bread 
perky nervy merit curse dread 
perky nervy merit farce brews 
perky nervy merit farce dregs 
perky nervy merit farce dress 
perky nervy merit force areas 
perky nervy merit force bread 
perky nervy merit force brews 
perky nervy merit force dread 
perky nervy merit force dregs 
perky nervy merit force dress 
perky nervy merit forge areas 
perky nervy merit forge bread 
perky nervy merit forge brews 
perky nervy merit forge cress 
perky nervy merit forge crews 
perky nervy merit forge dread 
perky nervy merit forge dress 
perky nervy merit furze areas 
perky nervy merit furze bread 
perky nervy merit furze brews 
perky nervy merit furze credo 
perky nervy merit furze cress 
perky nervy merit furze crews 
perky nervy merit furze dread 
perky nervy merit furze dregs 
perky nervy merit furze dress 
perky nervy merit gorge areas 
perky nervy merit gorge bread 
perky nervy merit gorge brews 
perky nervy merit gorge cress 
perky nervy merit gorge crews 
perky nervy merit gorge dread 
perky nervy merit gorge dress 
perky nervy merit gorge fresh 
perky nervy merit gorse bread 
perky nervy merit gorse dread 
perky nervy merit horde areas 
perky nervy merit horde brews 
perky nervy merit horde cress 
perky nervy merit horde crews 
perky nervy merit horse bread 
perky nervy merit horse dread 
perky nervy merit large brews 
perky nervy merit large credo 
perky nervy merit large cress 
perky nervy merit large crews 
perky nervy merit large dress 
perky nervy merit large fresh 
perky nervy merit surge bread 
perky nervy merit surge credo 
perky nervy merit surge dread 
perky nervy merit worse bread 
perky nervy merit worse dread 
perky nervy serfs aurae credo 
perky nervy serfs barge credo 
perky nervy serfs curie bread 
perky nervy serfs curie dread 
perky nervy serfs curie dream 
perky nervy serfs curie great 
perky nervy serfs curie tread 
perky nervy serfs curie treat 
perky nervy serfs dirge cream 
perky nervy serfs dirge treat 
perky nervy serfs gorge bread 
perky nervy serfs gorge cream 
perky nervy serfs gorge dread 
perky nervy serfs gorge dream 
perky nervy serfs gorge tread 
perky nervy serfs gorge treat 
perky nervy serfs horde cream 
perky nervy serfs horde great 
perky nervy serfs horde treat 
perky nervy serfs large credo 
perky nervy serfs throe bread 
perky nervy serfs throe cream 
perky nervy serfs throe dread 
perky nervy serfs throe dream 
perky nervy serfs torte bread 
perky nervy serfs torte cream 
perky nervy serfs torte dread 
perky nervy serfs torte dream 
perky nervy serum barge credo 
perky nervy serum dirge treat 
perky nervy serum force bread 
perky nervy serum force dread 
perky nervy serum force great 
perky nervy serum force tread 
perky nervy serum force treat 
perky nervy serum forge bread 
perky nervy serum forge dread 
perky nervy serum forge tread 
perky nervy serum forge treat 
perky nervy serum forte bread 
perky nervy serum forte dread 
perky nervy serum gorge bread 
perky nervy serum gorge dread 
perky nervy serum gorge tread 
perky nervy serum gorge treat 
perky nervy serum horde great 
perky nervy serum horde treat 
perky nervy serum large credo 
perky nervy serum throe bread 
perky nervy serum throe dread 
perky nervy serum torte bread 
perky nervy serum torte dread 
perky nervy terms aurae credo 
perky nervy terms barge credo 
perky nervy terms curie bread 
perky nervy terms curie dread 
perky nervy terms force bread 
perky nervy terms force dread 
perky nervy terms forge bread 
perky nervy terms forge dread 
perky nervy terms furze bread 
perky nervy terms furze credo 
perky nervy terms furze dread 
perky nervy terms gorge bread 
perky nervy terms gorge dread 
perky nervy terms large credo 
perky nervy zeros curie bread 
perky nervy zeros curie dread 
perky nervy zeros curie dream 
perky nervy zeros curie great 
perky nervy zeros curie tread 
perky nervy zeros curie treat 
perky nervy zeros dirge cream 
perky nervy zeros dirge treat 
